Arguments: 
  /Users/owenbaldwin/.nvm/versions/node/v14.15.5/bin/node /Users/owenbaldwin/.yarn/bin/yarn.js build --watch

PATH: 
  /Users/owenbaldwin/.rvm/gems/ruby-3.1.2/bin:/Users/owenbaldwin/.rvm/gems/ruby-3.1.2@global/bin:/Users/owenbaldwin/.rvm/rubies/ruby-3.1.2/bin:/Users/owenbaldwin/.rvm/bin:/Users/owenbaldwin/.rbenv/shims:/Users/owenbaldwin/.rbenv/shims:/Users/owenbaldwin/.rbenv/shims:/Users/owenbaldwin/.yarn/bin:/Users/owenbaldwin/.config/yarn/global/node_modules/.bin:./bin:./node_modules/.bin:/Users/owenbaldwin/.nvm/versions/node/v14.15.5/bin:/Users/owenbaldwin/.rbenv/shims:/Users/owenbaldwin/.rbenv/bin:/opt/homebrew/bin:/opt/homebrew/sbin:/Users/owenbaldwin/.pyenv/bin:/usr/local/bin:/usr/bin:/bin:/usr/sbin:/sbin:/opt/X11/bin:/usr/local/sbin

Yarn version: 
  1.22.17

Node version: 
  14.15.5

Platform: 
  darwin x64

Trace: 
  SyntaxError: /Users/owenbaldwin/code/owenbaldwin/sevent-t-studio/package.json: Unexpected end of JSON input
      at JSON.parse (<anonymous>)
      at /Users/owenbaldwin/.yarn/lib/cli.js:1625:59
      at Generator.next (<anonymous>)
      at step (/Users/owenbaldwin/.yarn/lib/cli.js:310:30)
      at /Users/owenbaldwin/.yarn/lib/cli.js:321:13

npm manifest: 
  

yarn manifest: 
  No manifest

Lockfile: 
  # THIS IS AN AUTOGENERATED FILE. DO NOT EDIT THIS FILE DIRECTLY.
  # yarn lockfile v1
